Determining if the pthread_create exist failed with the following output:
Change Dir: /home/stel/opengltutorial/cmake-build-debug/CMakeFiles/CMakeTmp

Run Build Command:"/usr/bin/make" "cmTC_70a93/fast"
/usr/bin/make -f CMakeFiles/cmTC_70a93.dir/build.make CMakeFiles/cmTC_70a93.dir/build
make[1]: Entering directory '/home/stel/opengltutorial/cmake-build-debug/CMakeFiles/CMakeTmp'
Building C object CMakeFiles/cmTC_70a93.dir/CheckSymbolExists.c.o
/usr/bin/cc     -o CMakeFiles/cmTC_70a93.dir/CheckSymbolExists.c.o   -c /home/stel/opengltutorial/cmake-build-debug/CMakeFiles/CMakeTmp/CheckSymbolExists.c
Linking C executable cmTC_70a93
/home/stel/clion-2016.2.1/bin/cmake/bin/cmake -E cmake_link_script CMakeFiles/cmTC_70a93.dir/link.txt --verbose=1
/usr/bin/cc       CMakeFiles/cmTC_70a93.dir/CheckSymbolExists.c.o  -o cmTC_70a93 
CMakeFiles/cmTC_70a93.dir/CheckSymbolExists.c.o: In function `main':
CheckSymbolExists.c:(.text+0x16): undefined reference to `pthread_create'
collect2: error: ld returned 1 exit status
CMakeFiles/cmTC_70a93.dir/build.make:97: recipe for target 'cmTC_70a93' failed
make[1]: *** [cmTC_70a93] Error 1
make[1]: Leaving directory '/home/stel/opengltutorial/cmake-build-debug/CMakeFiles/CMakeTmp'
Makefile:126: recipe for target 'cmTC_70a93/fast' failed
make: *** [cmTC_70a93/fast] Error 2

File /home/stel/opengltutorial/cmake-build-debug/CMakeFiles/CMakeTmp/CheckSymbolExists.c:
/* */
#include <pthread.h>

int main(int argc, char** argv)
{
  (void)argv;
#ifndef pthread_create
  return ((int*)(&pthread_create))[argc];
#else
  (void)argc;
  return 0;
#endif
}

Determining if the function pthread_create exists in the pthreads failed with the following output:
Change Dir: /home/stel/opengltutorial/cmake-build-debug/CMakeFiles/CMakeTmp

Run Build Command:"/usr/bin/make" "cmTC_b525d/fast"
/usr/bin/make -f CMakeFiles/cmTC_b525d.dir/build.make CMakeFiles/cmTC_b525d.dir/build
make[1]: Entering directory '/home/stel/opengltutorial/cmake-build-debug/CMakeFiles/CMakeTmp'
Building C object CMakeFiles/cmTC_b525d.dir/CheckFunctionExists.c.o
/usr/bin/cc    -DCHECK_FUNCTION_EXISTS=pthread_create   -o CMakeFiles/cmTC_b525d.dir/CheckFunctionExists.c.o   -c /home/stel/clion-2016.2.1/bin/cmake/share/cmake-3.6/Modules/CheckFunctionExists.c
Linking C executable cmTC_b525d
/home/stel/clion-2016.2.1/bin/cmake/bin/cmake -E cmake_link_script CMakeFiles/cmTC_b525d.dir/link.txt --verbose=1
/usr/bin/cc   -DCHECK_FUNCTION_EXISTS=pthread_create    CMakeFiles/cmTC_b525d.dir/CheckFunctionExists.c.o  -o cmTC_b525d -lpthreads 
/usr/bin/ld: cannot find -lpthreads
collect2: error: ld returned 1 exit status
CMakeFiles/cmTC_b525d.dir/build.make:97: recipe for target 'cmTC_b525d' failed
make[1]: *** [cmTC_b525d] Error 1
make[1]: Leaving directory '/home/stel/opengltutorial/cmake-build-debug/CMakeFiles/CMakeTmp'
Makefile:126: recipe for target 'cmTC_b525d/fast' failed
make: *** [cmTC_b525d/fast] Error 2


